<?xml version="1.0" encoding="UTF-8"?>
<testsuite xmlns:xsi="http://www.w3.org/2001/XMLSchema-instance" xsi:noNamespaceSchemaLocation="https://maven.apache.org/surefire/maven-surefire-plugin/xsd/surefire-test-report-3.0.xsd" version="3.0" name="com.ecommerce.model.dao.CategoryDAOTest" time="5.007" tests="8" errors="1" skipped="0" failures="1">
  <properties>
[...]
</properties>
  <testcase name="testFindByNameNotFound" classname="com.ecommerce.model.dao.CategoryDAOTest" time="0.288">
    <system-out><![CDATA[&amp#27;[35m[Hibernate]&amp#27;[0m 
    /* Category.findByName */ &amp#27;[34mselect&amp#27;[0m
        category0_.category_id &amp#27;[34mas&amp#27;[0m category1_0_,
        category0_.name &amp#27;[34mas&amp#27;[0m name2_0_ 
    &amp#27;[34mfrom&amp#27;[0m
        category category0_ 
    &amp#27;[34mwhere&amp#27;[0m
        category0_.name=?
]]></system-out>
    <system-err><![CDATA[Dec 19, 2023 2:26:39 AM org.hibernate.jpa.internal.util.LogHelper logPersistenceUnitInformation
INFO: HHH000204: Processing PersistenceUnitInfo [name: eCommerceWebsite]
Dec 19, 2023 2:26:39 AM org.hibernate.Version logVersion
INFO: HHH000412: Hibernate ORM core version 5.6.14.Final
Dec 19, 2023 2:26:39 AM org.hibernate.annotations.common.reflection.java.JavaReflectionManager <clinit>
INFO: HCANN000001: Hibernate Commons Annotations {5.1.2.Final}
Dec 19, 2023 2:26:40 AM org.hibernate.c3p0.internal.C3P0ConnectionProvider configure
INFO: HHH010002: C3P0 using driver: com.mysql.cj.jdbc.Driver at URL: jdbc:mysql://34.87.140.81:3306/ecommerce?autoReconnect=true
Dec 19, 2023 2:26:40 AM org.hibernate.c3p0.internal.C3P0ConnectionProvider configure
INFO: HHH10001001: Connection properties: {autoReconnect=true, password=****, useUnicode=true, is-connection-validation-required=true, characterEncoding=UTF-8, autoReconnectForPools=true, user=root}
Dec 19, 2023 2:26:40 AM org.hibernate.c3p0.internal.C3P0ConnectionProvider configure
INFO: HHH10001003: Autocommit mode: false
SLF4J: Failed to load class "org.slf4j.impl.StaticLoggerBinder".
SLF4J: Defaulting to no-operation (NOP) logger implementation
SLF4J: See http://www.slf4j.org/codes.html#StaticLoggerBinder for further details.
MLog initialization issue: slf4j found no binding or threatened to use its (dangerously silent) NOPLogger. We consider the slf4j library not found.
Dec 19, 2023 2:26:40 AM com.mchange.v2.log.MLog 
INFO: MLog clients using java 1.4+ standard logging.
Dec 19, 2023 2:26:40 AM com.mchange.v2.c3p0.C3P0Registry 
INFO: Initializing c3p0-0.9.5.5 [built 11-December-2019 22:18:33 -0800; debug? true; trace: 10]
Dec 19, 2023 2:26:40 AM org.hibernate.c3p0.internal.C3P0ConnectionProvider configure
INFO: HHH10001007: JDBC isolation level: <unknown>
Dec 19, 2023 2:26:40 AM com.mchange.v2.c3p0.impl.AbstractPoolBackedDataSource 
INFO: Initializing c3p0 pool... com.mchange.v2.c3p0.PoolBackedDataSource@1d697c10 [ connectionPoolDataSource -> com.mchange.v2.c3p0.WrapperConnectionPoolDataSource@93d9c0cf [ acquireIncrement -> 5, acquireRetryAttempts -> 30, acquireRetryDelay -> 1000, autoCommitOnClose -> false, automaticTestTable -> null, breakAfterAcquireFailure -> false, checkoutTimeout -> 0, connectionCustomizerClassName -> null, connectionTesterClassName -> com.mchange.v2.c3p0.impl.DefaultConnectionTester, contextClassLoaderSource -> caller, debugUnreturnedConnectionStackTraces -> false, factoryClassLocation -> null, forceIgnoreUnresolvedTransactions -> false, forceSynchronousCheckins -> false, identityToken -> 1hgfbwhb0z2irkw1fpy3fi|6ef81f31, idleConnectionTestPeriod -> 120, initialPoolSize -> 0, maxAdministrativeTaskTime -> 0, maxConnectionAge -> 0, maxIdleTime -> 300, maxIdleTimeExcessConnections -> 0, maxPoolSize -> 20, maxStatements -> 50, maxStatementsPerConnection -> 0, minPoolSize -> 0, nestedDataSource -> com.mchange.v2.c3p0.DriverManagerDataSource@8946e85c [ description -> null, driverClass -> null, factoryClassLocation -> null, forceUseNamedDriverClass -> false, identityToken -> 1hgfbwhb0z2irkw1fpy3fi|5d28bcd5, jdbcUrl -> jdbc:mysql://34.87.140.81:3306/ecommerce?autoReconnect=true, properties -> {autoReconnect=true, password=******, useUnicode=true, is-connection-validation-required=true, autoReconnectForPools=true, characterEncoding=UTF-8, user=******} ], preferredTestQuery -> null, privilegeSpawnedThreads -> false, propertyCycle -> 0, statementCacheNumDeferredCloseThreads -> 0, testConnectionOnCheckin -> false, testConnectionOnCheckout -> false, unreturnedConnectionTimeout -> 0, usesTraditionalReflectiveProxies -> false; userOverrides: {} ], dataSourceName -> null, extensions -> {}, factoryClassLocation -> null, identityToken -> 1hgfbwhb0z2irkw1fpy3fi|6d3c232f, numHelperThreads -> 3 ]
Dec 19, 2023 2:26:41 AM org.hibernate.dialect.Dialect <init>
INFO: HHH000400: Using dialect: org.hibernate.dialect.MySQL8Dialect
Dec 19, 2023 2:26:41 AM org.hibernate.engine.transaction.jta.platform.internal.JtaPlatformInitiator initiateService
INFO: HHH000490: Using JtaPlatform implementation: [org.hibernate.engine.transaction.jta.platform.internal.NoJtaPlatform]
Dec 19, 2023 2:26:42 AM org.hibernate.engine.internal.StatisticalLoggingSessionEventListener end
INFO: Session Metrics {
    52251400 nanoseconds spent acquiring 1 JDBC connections;
    102467901 nanoseconds spent releasing 1 JDBC connections;
    63540400 nanoseconds spent preparing 1 JDBC statements;
    61983600 nanoseconds spent executing 1 JDBC statements;
    0 nanoseconds spent executing 0 JDBC batches;
    0 nanoseconds spent performing 0 L2C puts;
    0 nanoseconds spent performing 0 L2C hits;
    0 nanoseconds spent performing 0 L2C misses;
    0 nanoseconds spent executing 0 flushes (flushing a total of 0 entities and 0 collections);
    0 nanoseconds spent executing 0 partial-flushes (flushing a total of 0 entities and 0 collections)
}
]]></system-err>
  </testcase>
  <testcase name="testGet" classname="com.ecommerce.model.dao.CategoryDAOTest" time="0.505">
    <system-out><![CDATA[&amp#27;[35m[Hibernate]&amp#27;[0m 
    &amp#27;[34mselect&amp#27;[0m
        category0_.category_id &amp#27;[34mas&amp#27;[0m category1_0_0_,
        category0_.name &amp#27;[34mas&amp#27;[0m name2_0_0_ 
    &amp#27;[34mfrom&amp#27;[0m
        category category0_ 
    &amp#27;[34mwhere&amp#27;[0m
        category0_.category_id=?
&amp#27;[35m[Hibernate]&amp#27;[0m 
    /* load com.ecommerce.model.entity.Category */ &amp#27;[34mselect&amp#27;[0m
        category0_.category_id &amp#27;[34mas&amp#27;[0m category1_0_0_,
        category0_.name &amp#27;[34mas&amp#27;[0m name2_0_0_ 
    &amp#27;[34mfrom&amp#27;[0m
        category category0_ 
    &amp#27;[34mwhere&amp#27;[0m
        category0_.category_id=?
]]></system-out>
    <system-err><![CDATA[Dec 19, 2023 2:26:42 AM org.hibernate.engine.internal.StatisticalLoggingSessionEventListener end
INFO: Session Metrics {
    112982200 nanoseconds spent acquiring 2 JDBC connections;
    110407500 nanoseconds spent releasing 1 JDBC connections;
    114810700 nanoseconds spent preparing 2 JDBC statements;
    134551499 nanoseconds spent executing 2 JDBC statements;
    0 nanoseconds spent executing 0 JDBC batches;
    0 nanoseconds spent performing 0 L2C puts;
    0 nanoseconds spent performing 0 L2C hits;
    0 nanoseconds spent performing 0 L2C misses;
    0 nanoseconds spent executing 0 flushes (flushing a total of 0 entities and 0 collections);
    0 nanoseconds spent executing 0 partial-flushes (flushing a total of 0 entities and 0 collections)
}
]]></system-err>
  </testcase>
  <testcase name="testCount" classname="com.ecommerce.model.dao.CategoryDAOTest" time="0.229">
    <failure message="expected: &lt;1&gt; but was: &lt;19&gt;" type="org.opentest4j.AssertionFailedError"><![CDATA[org.opentest4j.AssertionFailedError: expected: <1> but was: <19>
	at org.junit.jupiter.api.AssertionFailureBuilder.build(AssertionFailureBuilder.java:151)
	at org.junit.jupiter.api.AssertionFailureBuilder.buildAndThrow(AssertionFailureBuilder.java:132)
	at org.junit.jupiter.api.AssertEquals.failNotEqual(AssertEquals.java:197)
	at org.junit.jupiter.api.AssertEquals.assertEquals(AssertEquals.java:166)
	at org.junit.jupiter.api.AssertEquals.assertEquals(AssertEquals.java:161)
	at org.junit.jupiter.api.Assertions.assertEquals(Assertions.java:628)
	at com.ecommerce.model.dao.CategoryDAOTest.testCount(CategoryDAOTest.java:77)
	at java.base/jdk.internal.reflect.NativeMethodAccessorImpl.invoke0(Native Method)
	at java.base/jdk.internal.reflect.NativeMethodAccessorImpl.invoke(NativeMethodAccessorImpl.java:77)
	at java.base/jdk.internal.reflect.DelegatingMethodAccessorImpl.invoke(DelegatingMethodAccessorImpl.java:43)
	at java.base/java.lang.reflect.Method.invoke(Method.java:568)
	at org.junit.platform.commons.util.ReflectionUtils.invokeMethod(ReflectionUtils.java:727)
	at org.junit.jupiter.engine.execution.MethodInvocation.proceed(MethodInvocation.java:60)
	at org.junit.jupiter.engine.execution.InvocationInterceptorChain$ValidatingInvocation.proceed(InvocationInterceptorChain.java:131)
	at org.junit.jupiter.engine.extension.TimeoutExtension.intercept(TimeoutExtension.java:156)
	at org.junit.jupiter.engine.extension.TimeoutExtension.interceptTestableMethod(TimeoutExtension.java:147)
	at org.junit.jupiter.engine.extension.TimeoutExtension.interceptTestMethod(TimeoutExtension.java:86)
	at org.junit.jupiter.engine.execution.InterceptingExecutableInvoker$ReflectiveInterceptorCall.lambda$ofVoidMethod$0(InterceptingExecutableInvoker.java:103)
	at org.junit.jupiter.engine.execution.InterceptingExecutableInvoker.lambda$invoke$0(InterceptingExecutableInvoker.java:93)
	at org.junit.jupiter.engine.execution.InvocationInterceptorChain$InterceptedInvocation.proceed(InvocationInterceptorChain.java:106)
	at org.junit.jupiter.engine.execution.InvocationInterceptorChain.proceed(InvocationInterceptorChain.java:64)
	at org.junit.jupiter.engine.execution.InvocationInterceptorChain.chainAndInvoke(InvocationInterceptorChain.java:45)
	at org.junit.jupiter.engine.execution.InvocationInterceptorChain.invoke(InvocationInterceptorChain.java:37)
	at org.junit.jupiter.engine.execution.InterceptingExecutableInvoker.invoke(InterceptingExecutableInvoker.java:92)
	at org.junit.jupiter.engine.execution.InterceptingExecutableInvoker.invoke(InterceptingExecutableInvoker.java:86)
	at org.junit.jupiter.engine.descriptor.TestMethodTestDescriptor.lambda$invokeTestMethod$7(TestMethodTestDescriptor.java:217)
	at org.junit.platform.engine.support.hierarchical.ThrowableCollector.execute(ThrowableCollector.java:73)
	at org.junit.jupiter.engine.descriptor.TestMethodTestDescriptor.invokeTestMethod(TestMethodTestDescriptor.java:213)
	at org.junit.jupiter.engine.descriptor.TestMethodTestDescriptor.execute(TestMethodTestDescriptor.java:138)
	at org.junit.jupiter.engine.descriptor.TestMethodTestDescriptor.execute(TestMethodTestDescriptor.java:68)
	at org.junit.platform.engine.support.hierarchical.NodeTestTask.lambda$executeRecursively$6(NodeTestTask.java:151)
	at org.junit.platform.engine.support.hierarchical.ThrowableCollector.execute(ThrowableCollector.java:73)
	at org.junit.platform.engine.support.hierarchical.NodeTestTask.lambda$executeRecursively$8(NodeTestTask.java:141)
	at org.junit.platform.engine.support.hierarchical.Node.around(Node.java:137)
	at org.junit.platform.engine.support.hierarchical.NodeTestTask.lambda$executeRecursively$9(NodeTestTask.java:139)
	at org.junit.platform.engine.support.hierarchical.ThrowableCollector.execute(ThrowableCollector.java:73)
	at org.junit.platform.engine.support.hierarchical.NodeTestTask.executeRecursively(NodeTestTask.java:138)
	at org.junit.platform.engine.support.hierarchical.NodeTestTask.execute(NodeTestTask.java:95)
	at java.base/java.util.ArrayList.forEach(ArrayList.java:1511)
	at org.junit.platform.engine.support.hierarchical.SameThreadHierarchicalTestExecutorService.invokeAll(SameThreadHierarchicalTestExecutorService.java:41)
	at org.junit.platform.engine.support.hierarchical.NodeTestTask.lambda$executeRecursively$6(NodeTestTask.java:155)
	at org.junit.platform.engine.support.hierarchical.ThrowableCollector.execute(ThrowableCollector.java:73)
	at org.junit.platform.engine.support.hierarchical.NodeTestTask.lambda$executeRecursively$8(NodeTestTask.java:141)
	at org.junit.platform.engine.support.hierarchical.Node.around(Node.java:137)
	at org.junit.platform.engine.support.hierarchical.NodeTestTask.lambda$executeRecursively$9(NodeTestTask.java:139)
	at org.junit.platform.engine.support.hierarchical.ThrowableCollector.execute(ThrowableCollector.java:73)
	at org.junit.platform.engine.support.hierarchical.NodeTestTask.executeRecursively(NodeTestTask.java:138)
	at org.junit.platform.engine.support.hierarchical.NodeTestTask.execute(NodeTestTask.java:95)
	at java.base/java.util.ArrayList.forEach(ArrayList.java:1511)
	at org.junit.platform.engine.support.hierarchical.SameThreadHierarchicalTestExecutorService.invokeAll(SameThreadHierarchicalTestExecutorService.java:41)
	at org.junit.platform.engine.support.hierarchical.NodeTestTask.lambda$executeRecursively$6(NodeTestTask.java:155)
	at org.junit.platform.engine.support.hierarchical.ThrowableCollector.execute(ThrowableCollector.java:73)
	at org.junit.platform.engine.support.hierarchical.NodeTestTask.lambda$executeRecursively$8(NodeTestTask.java:141)
	at org.junit.platform.engine.support.hierarchical.Node.around(Node.java:137)
	at org.junit.platform.engine.support.hierarchical.NodeTestTask.lambda$executeRecursively$9(NodeTestTask.java:139)
	at org.junit.platform.engine.support.hierarchical.ThrowableCollector.execute(ThrowableCollector.java:73)
	at org.junit.platform.engine.support.hierarchical.NodeTestTask.executeRecursively(NodeTestTask.java:138)
	at org.junit.platform.engine.support.hierarchical.NodeTestTask.execute(NodeTestTask.java:95)
	at org.junit.platform.engine.support.hierarchical.SameThreadHierarchicalTestExecutorService.submit(SameThreadHierarchicalTestExecutorService.java:35)
	at org.junit.platform.engine.support.hierarchical.HierarchicalTestExecutor.execute(HierarchicalTestExecutor.java:57)
	at org.junit.platform.engine.support.hierarchical.HierarchicalTestEngine.execute(HierarchicalTestEngine.java:54)
	at org.junit.platform.launcher.core.EngineExecutionOrchestrator.execute(EngineExecutionOrchestrator.java:147)
	at org.junit.platform.launcher.core.EngineExecutionOrchestrator.execute(EngineExecutionOrchestrator.java:127)
	at org.junit.platform.launcher.core.EngineExecutionOrchestrator.execute(EngineExecutionOrchestrator.java:90)
	at org.junit.platform.launcher.core.EngineExecutionOrchestrator.lambda$execute$0(EngineExecutionOrchestrator.java:55)
	at org.junit.platform.launcher.core.EngineExecutionOrchestrator.withInterceptedStreams(EngineExecutionOrchestrator.java:102)
	at org.junit.platform.launcher.core.EngineExecutionOrchestrator.execute(EngineExecutionOrchestrator.java:54)
	at org.junit.platform.launcher.core.DefaultLauncher.execute(DefaultLauncher.java:114)
	at org.junit.platform.launcher.core.DefaultLauncher.execute(DefaultLauncher.java:86)
	at org.junit.platform.launcher.core.DefaultLauncherSession$DelegatingLauncher.execute(DefaultLauncherSession.java:86)
	at org.apache.maven.surefire.junitplatform.LazyLauncher.execute(LazyLauncher.java:56)
	at org.apache.maven.surefire.junitplatform.JUnitPlatformProvider.execute(JUnitPlatformProvider.java:184)
	at org.apache.maven.surefire.junitplatform.JUnitPlatformProvider.invokeAllTests(JUnitPlatformProvider.java:148)
	at org.apache.maven.surefire.junitplatform.JUnitPlatformProvider.invoke(JUnitPlatformProvider.java:122)
	at org.apache.maven.surefire.booter.ForkedBooter.runSuitesInProcess(ForkedBooter.java:385)
	at org.apache.maven.surefire.booter.ForkedBooter.execute(ForkedBooter.java:162)
	at org.apache.maven.surefire.booter.ForkedBooter.run(ForkedBooter.java:507)
	at org.apache.maven.surefire.booter.ForkedBooter.main(ForkedBooter.java:495)
]]></failure>
    <system-out><![CDATA[&amp#27;[35m[Hibernate]&amp#27;[0m 
    /* Category.countAll */ &amp#27;[34mselect&amp#27;[0m
        count(category0_.category_id) &amp#27;[34mas&amp#27;[0m col_0_0_ 
    &amp#27;[34mfrom&amp#27;[0m
        category category0_
]]></system-out>
    <system-err><![CDATA[Dec 19, 2023 2:26:42 AM org.hibernate.engine.internal.StatisticalLoggingSessionEventListener end
INFO: Session Metrics {
    51168701 nanoseconds spent acquiring 1 JDBC connections;
    101976000 nanoseconds spent releasing 1 JDBC connections;
    52267300 nanoseconds spent preparing 1 JDBC statements;
    70275101 nanoseconds spent executing 1 JDBC statements;
    0 nanoseconds spent executing 0 JDBC batches;
    0 nanoseconds spent performing 0 L2C puts;
    0 nanoseconds spent performing 0 L2C hits;
    0 nanoseconds spent performing 0 L2C misses;
    0 nanoseconds spent executing 0 flushes (flushing a total of 0 entities and 0 collections);
    0 nanoseconds spent executing 0 partial-flushes (flushing a total of 0 entities and 0 collections)
}
]]></system-err>
  </testcase>
  <testcase name="testFindByName" classname="com.ecommerce.model.dao.CategoryDAOTest" time="0.223">
    <system-out><![CDATA[&amp#27;[35m[Hibernate]&amp#27;[0m 
    /* Category.findByName */ &amp#27;[34mselect&amp#27;[0m
        category0_.category_id &amp#27;[34mas&amp#27;[0m category1_0_,
        category0_.name &amp#27;[34mas&amp#27;[0m name2_0_ 
    &amp#27;[34mfrom&amp#27;[0m
        category category0_ 
    &amp#27;[34mwhere&amp#27;[0m
        category0_.name=?
]]></system-out>
    <system-err><![CDATA[Dec 19, 2023 2:26:43 AM org.hibernate.engine.internal.StatisticalLoggingSessionEventListener end
INFO: Session Metrics {
    50121401 nanoseconds spent acquiring 1 JDBC connections;
    111236199 nanoseconds spent releasing 1 JDBC connections;
    50276300 nanoseconds spent preparing 1 JDBC statements;
    57868300 nanoseconds spent executing 1 JDBC statements;
    0 nanoseconds spent executing 0 JDBC batches;
    0 nanoseconds spent performing 0 L2C puts;
    0 nanoseconds spent performing 0 L2C hits;
    0 nanoseconds spent performing 0 L2C misses;
    0 nanoseconds spent executing 0 flushes (flushing a total of 0 entities and 0 collections);
    0 nanoseconds spent executing 0 partial-flushes (flushing a total of 0 entities and 0 collections)
}
]]></system-err>
  </testcase>
  <testcase name="testUpdateCategory" classname="com.ecommerce.model.dao.CategoryDAOTest" time="0.389">
    <system-out><![CDATA[&amp#27;[35m[Hibernate]&amp#27;[0m 
    /* load com.ecommerce.model.entity.Category */ &amp#27;[34mselect&amp#27;[0m
        category0_.category_id &amp#27;[34mas&amp#27;[0m category1_0_0_,
        category0_.name &amp#27;[34mas&amp#27;[0m name2_0_0_ 
    &amp#27;[34mfrom&amp#27;[0m
        category category0_ 
    &amp#27;[34mwhere&amp#27;[0m
        category0_.category_id=?
&amp#27;[35m[Hibernate]&amp#27;[0m 
    /* &amp#27;[34minsert&amp#27;[0m com.ecommerce.model.entity.Category
        */ &amp#27;[34minsert&amp#27;[0m 
        &amp#27;[34minto&amp#27;[0m
            category
            (name) 
        &amp#27;[34mvalues&amp#27;[0m
            (?)
]]></system-out>
    <system-err><![CDATA[Dec 19, 2023 2:26:43 AM org.hibernate.engine.internal.StatisticalLoggingSessionEventListener end
INFO: Session Metrics {
    50499200 nanoseconds spent acquiring 1 JDBC connections;
    56896201 nanoseconds spent releasing 1 JDBC connections;
    553799 nanoseconds spent preparing 2 JDBC statements;
    114908201 nanoseconds spent executing 2 JDBC statements;
    0 nanoseconds spent executing 0 JDBC batches;
    0 nanoseconds spent performing 0 L2C puts;
    0 nanoseconds spent performing 0 L2C hits;
    0 nanoseconds spent performing 0 L2C misses;
    6672000 nanoseconds spent executing 1 flushes (flushing a total of 1 entities and 1 collections);
    0 nanoseconds spent executing 0 partial-flushes (flushing a total of 0 entities and 0 collections)
}
]]></system-err>
  </testcase>
  <testcase name="testCreateCategory" classname="com.ecommerce.model.dao.CategoryDAOTest" time="0.376">
    <system-out><![CDATA[&amp#27;[35m[Hibernate]&amp#27;[0m 
    /* &amp#27;[34minsert&amp#27;[0m com.ecommerce.model.entity.Category
        */ &amp#27;[34minsert&amp#27;[0m 
        &amp#27;[34minto&amp#27;[0m
            category
            (name) 
        &amp#27;[34mvalues&amp#27;[0m
            (?)
&amp#27;[35m[Hibernate]&amp#27;[0m 
    /* load com.ecommerce.model.entity.Category */ &amp#27;[34mselect&amp#27;[0m
        category0_.category_id &amp#27;[34mas&amp#27;[0m category1_0_0_,
        category0_.name &amp#27;[34mas&amp#27;[0m name2_0_0_ 
    &amp#27;[34mfrom&amp#27;[0m
        category category0_ 
    &amp#27;[34mwhere&amp#27;[0m
        category0_.category_id=?
]]></system-out>
    <system-err><![CDATA[Dec 19, 2023 2:26:43 AM org.hibernate.engine.internal.StatisticalLoggingSessionEventListener end
INFO: Session Metrics {
    52104000 nanoseconds spent acquiring 1 JDBC connections;
    53381100 nanoseconds spent releasing 1 JDBC connections;
    190501 nanoseconds spent preparing 2 JDBC statements;
    120517000 nanoseconds spent executing 2 JDBC statements;
    0 nanoseconds spent executing 0 JDBC batches;
    0 nanoseconds spent performing 0 L2C puts;
    0 nanoseconds spent performing 0 L2C hits;
    0 nanoseconds spent performing 0 L2C misses;
    346500 nanoseconds spent executing 2 flushes (flushing a total of 2 entities and 2 collections);
    0 nanoseconds spent executing 0 partial-flushes (flushing a total of 0 entities and 0 collections)
}
]]></system-err>
  </testcase>
  <testcase name="testListAll" classname="com.ecommerce.model.dao.CategoryDAOTest" time="0.22">
    <system-out><![CDATA[&amp#27;[35m[Hibernate]&amp#27;[0m 
    /* Category.findAll */ &amp#27;[34mselect&amp#27;[0m
        category0_.category_id &amp#27;[34mas&amp#27;[0m category1_0_,
        category0_.name &amp#27;[34mas&amp#27;[0m name2_0_ 
    &amp#27;[34mfrom&amp#27;[0m
        category category0_ 
    &amp#27;[34morder&amp#27;[0m &amp#27;[34mby&amp#27;[0m
        category0_.name
Áo khoác
Áo Polo
Áo Thun
Balo/Túi
Bottoms
Bottoms
Bottoms
Bottoms
Bottoms
Giày Dép
Nón
Phụ kiện
Qu&#7847;n Kaki
Qu&#7847;n short
Quần Jeans
Tops
Tops
Tops
Tops
Tops
Váy dài
]]></system-out>
    <system-err><![CDATA[Dec 19, 2023 2:26:44 AM org.hibernate.engine.internal.StatisticalLoggingSessionEventListener end
INFO: Session Metrics {
    54756700 nanoseconds spent acquiring 1 JDBC connections;
    104922900 nanoseconds spent releasing 1 JDBC connections;
    55069999 nanoseconds spent preparing 1 JDBC statements;
    53405700 nanoseconds spent executing 1 JDBC statements;
    0 nanoseconds spent executing 0 JDBC batches;
    0 nanoseconds spent performing 0 L2C puts;
    0 nanoseconds spent performing 0 L2C hits;
    0 nanoseconds spent performing 0 L2C misses;
    0 nanoseconds spent executing 0 flushes (flushing a total of 0 entities and 0 collections);
    0 nanoseconds spent executing 0 partial-flushes (flushing a total of 0 entities and 0 collections)
}
]]></system-err>
  </testcase>
  <testcase name="testDeleteCategory" classname="com.ecommerce.model.dao.CategoryDAOTest" time="0.544">
    <error message="Error while committing the transaction" type="javax.persistence.RollbackException"><![CDATA[javax.persistence.RollbackException: Error while committing the transaction
	at org.hibernate.internal.ExceptionConverterImpl.convertCommitException(ExceptionConverterImpl.java:81)
	at org.hibernate.engine.transaction.internal.TransactionImpl.commit(TransactionImpl.java:104)
	at com.ecommerce.model.dao.JpaDAO.delete(JpaDAO.java:57)
	at com.ecommerce.model.dao.CategoryDAO.delete(CategoryDAO.java:26)
	at com.ecommerce.model.dao.CategoryDAOTest.testDeleteCategory(CategoryDAOTest.java:57)
	at java.base/jdk.internal.reflect.NativeMethodAccessorImpl.invoke0(Native Method)
	at java.base/jdk.internal.reflect.NativeMethodAccessorImpl.invoke(NativeMethodAccessorImpl.java:77)
	at java.base/jdk.internal.reflect.DelegatingMethodAccessorImpl.invoke(DelegatingMethodAccessorImpl.java:43)
	at java.base/java.lang.reflect.Method.invoke(Method.java:568)
	at org.junit.platform.commons.util.ReflectionUtils.invokeMethod(ReflectionUtils.java:727)
	at org.junit.jupiter.engine.execution.MethodInvocation.proceed(MethodInvocation.java:60)
	at org.junit.jupiter.engine.execution.InvocationInterceptorChain$ValidatingInvocation.proceed(InvocationInterceptorChain.java:131)
	at org.junit.jupiter.engine.extension.TimeoutExtension.intercept(TimeoutExtension.java:156)
	at org.junit.jupiter.engine.extension.TimeoutExtension.interceptTestableMethod(TimeoutExtension.java:147)
	at org.junit.jupiter.engine.extension.TimeoutExtension.interceptTestMethod(TimeoutExtension.java:86)
	at org.junit.jupiter.engine.execution.InterceptingExecutableInvoker$ReflectiveInterceptorCall.lambda$ofVoidMethod$0(InterceptingExecutableInvoker.java:103)
	at org.junit.jupiter.engine.execution.InterceptingExecutableInvoker.lambda$invoke$0(InterceptingExecutableInvoker.java:93)
	at org.junit.jupiter.engine.execution.InvocationInterceptorChain$InterceptedInvocation.proceed(InvocationInterceptorChain.java:106)
	at org.junit.jupiter.engine.execution.InvocationInterceptorChain.proceed(InvocationInterceptorChain.java:64)
	at org.junit.jupiter.engine.execution.InvocationInterceptorChain.chainAndInvoke(InvocationInterceptorChain.java:45)
	at org.junit.jupiter.engine.execution.InvocationInterceptorChain.invoke(InvocationInterceptorChain.java:37)
	at org.junit.jupiter.engine.execution.InterceptingExecutableInvoker.invoke(InterceptingExecutableInvoker.java:92)
	at org.junit.jupiter.engine.execution.InterceptingExecutableInvoker.invoke(InterceptingExecutableInvoker.java:86)
	at org.junit.jupiter.engine.descriptor.TestMethodTestDescriptor.lambda$invokeTestMethod$7(TestMethodTestDescriptor.java:217)
	at org.junit.platform.engine.support.hierarchical.ThrowableCollector.execute(ThrowableCollector.java:73)
	at org.junit.jupiter.engine.descriptor.TestMethodTestDescriptor.invokeTestMethod(TestMethodTestDescriptor.java:213)
	at org.junit.jupiter.engine.descriptor.TestMethodTestDescriptor.execute(TestMethodTestDescriptor.java:138)
	at org.junit.jupiter.engine.descriptor.TestMethodTestDescriptor.execute(TestMethodTestDescriptor.java:68)
	at org.junit.platform.engine.support.hierarchical.NodeTestTask.lambda$executeRecursively$6(NodeTestTask.java:151)
	at org.junit.platform.engine.support.hierarchical.ThrowableCollector.execute(ThrowableCollector.java:73)
	at org.junit.platform.engine.support.hierarchical.NodeTestTask.lambda$executeRecursively$8(NodeTestTask.java:141)
	at org.junit.platform.engine.support.hierarchical.Node.around(Node.java:137)
	at org.junit.platform.engine.support.hierarchical.NodeTestTask.lambda$executeRecursively$9(NodeTestTask.java:139)
	at org.junit.platform.engine.support.hierarchical.ThrowableCollector.execute(ThrowableCollector.java:73)
	at org.junit.platform.engine.support.hierarchical.NodeTestTask.executeRecursively(NodeTestTask.java:138)
	at org.junit.platform.engine.support.hierarchical.NodeTestTask.execute(NodeTestTask.java:95)
	at java.base/java.util.ArrayList.forEach(ArrayList.java:1511)
	at org.junit.platform.engine.support.hierarchical.SameThreadHierarchicalTestExecutorService.invokeAll(SameThreadHierarchicalTestExecutorService.java:41)
	at org.junit.platform.engine.support.hierarchical.NodeTestTask.lambda$executeRecursively$6(NodeTestTask.java:155)
	at org.junit.platform.engine.support.hierarchical.ThrowableCollector.execute(ThrowableCollector.java:73)
	at org.junit.platform.engine.support.hierarchical.NodeTestTask.lambda$executeRecursively$8(NodeTestTask.java:141)
	at org.junit.platform.engine.support.hierarchical.Node.around(Node.java:137)
	at org.junit.platform.engine.support.hierarchical.NodeTestTask.lambda$executeRecursively$9(NodeTestTask.java:139)
	at org.junit.platform.engine.support.hierarchical.ThrowableCollector.execute(ThrowableCollector.java:73)
	at org.junit.platform.engine.support.hierarchical.NodeTestTask.executeRecursively(NodeTestTask.java:138)
	at org.junit.platform.engine.support.hierarchical.NodeTestTask.execute(NodeTestTask.java:95)
	at java.base/java.util.ArrayList.forEach(ArrayList.java:1511)
	at org.junit.platform.engine.support.hierarchical.SameThreadHierarchicalTestExecutorService.invokeAll(SameThreadHierarchicalTestExecutorService.java:41)
	at org.junit.platform.engine.support.hierarchical.NodeTestTask.lambda$executeRecursively$6(NodeTestTask.java:155)
	at org.junit.platform.engine.support.hierarchical.ThrowableCollector.execute(ThrowableCollector.java:73)
	at org.junit.platform.engine.support.hierarchical.NodeTestTask.lambda$executeRecursively$8(NodeTestTask.java:141)
	at org.junit.platform.engine.support.hierarchical.Node.around(Node.java:137)
	at org.junit.platform.engine.support.hierarchical.NodeTestTask.lambda$executeRecursively$9(NodeTestTask.java:139)
	at org.junit.platform.engine.support.hierarchical.ThrowableCollector.execute(ThrowableCollector.java:73)
	at org.junit.platform.engine.support.hierarchical.NodeTestTask.executeRecursively(NodeTestTask.java:138)
	at org.junit.platform.engine.support.hierarchical.NodeTestTask.execute(NodeTestTask.java:95)
	at org.junit.platform.engine.support.hierarchical.SameThreadHierarchicalTestExecutorService.submit(SameThreadHierarchicalTestExecutorService.java:35)
	at org.junit.platform.engine.support.hierarchical.HierarchicalTestExecutor.execute(HierarchicalTestExecutor.java:57)
	at org.junit.platform.engine.support.hierarchical.HierarchicalTestEngine.execute(HierarchicalTestEngine.java:54)
	at org.junit.platform.launcher.core.EngineExecutionOrchestrator.execute(EngineExecutionOrchestrator.java:147)
	at org.junit.platform.launcher.core.EngineExecutionOrchestrator.execute(EngineExecutionOrchestrator.java:127)
	at org.junit.platform.launcher.core.EngineExecutionOrchestrator.execute(EngineExecutionOrchestrator.java:90)
	at org.junit.platform.launcher.core.EngineExecutionOrchestrator.lambda$execute$0(EngineExecutionOrchestrator.java:55)
	at org.junit.platform.launcher.core.EngineExecutionOrchestrator.withInterceptedStreams(EngineExecutionOrchestrator.java:102)
	at org.junit.platform.launcher.core.EngineExecutionOrchestrator.execute(EngineExecutionOrchestrator.java:54)
	at org.junit.platform.launcher.core.DefaultLauncher.execute(DefaultLauncher.java:114)
	at org.junit.platform.launcher.core.DefaultLauncher.execute(DefaultLauncher.java:86)
	at org.junit.platform.launcher.core.DefaultLauncherSession$DelegatingLauncher.execute(DefaultLauncherSession.java:86)
	at org.apache.maven.surefire.junitplatform.LazyLauncher.execute(LazyLauncher.java:56)
	at org.apache.maven.surefire.junitplatform.JUnitPlatformProvider.execute(JUnitPlatformProvider.java:184)
	at org.apache.maven.surefire.junitplatform.JUnitPlatformProvider.invokeAllTests(JUnitPlatformProvider.java:148)
	at org.apache.maven.surefire.junitplatform.JUnitPlatformProvider.invoke(JUnitPlatformProvider.java:122)
	at org.apache.maven.surefire.booter.ForkedBooter.runSuitesInProcess(ForkedBooter.java:385)
	at org.apache.maven.surefire.booter.ForkedBooter.execute(ForkedBooter.java:162)
	at org.apache.maven.surefire.booter.ForkedBooter.run(ForkedBooter.java:507)
	at org.apache.maven.surefire.booter.ForkedBooter.main(ForkedBooter.java:495)
Caused by: javax.persistence.PersistenceException: org.hibernate.exception.ConstraintViolationException: could not execute statement
	at org.hibernate.internal.ExceptionConverterImpl.convert(ExceptionConverterImpl.java:154)
	at org.hibernate.internal.ExceptionConverterImpl.convert(ExceptionConverterImpl.java:181)
	at org.hibernate.internal.ExceptionConverterImpl.convertCommitException(ExceptionConverterImpl.java:65)
	... 75 more
Caused by: org.hibernate.exception.ConstraintViolationException: could not execute statement
	at org.hibernate.exception.internal.SQLExceptionTypeDelegate.convert(SQLExceptionTypeDelegate.java:59)
	at org.hibernate.exception.internal.StandardSQLExceptionConverter.convert(StandardSQLExceptionConverter.java:37)
	at org.hibernate.engine.jdbc.spi.SqlExceptionHelper.convert(SqlExceptionHelper.java:113)
	at org.hibernate.engine.jdbc.spi.SqlExceptionHelper.convert(SqlExceptionHelper.java:99)
	at org.hibernate.engine.jdbc.internal.ResultSetReturnImpl.executeUpdate(ResultSetReturnImpl.java:200)
	at org.hibernate.engine.jdbc.batch.internal.NonBatchingBatch.addToBatch(NonBatchingBatch.java:46)
	at org.hibernate.persister.entity.AbstractEntityPersister.delete(AbstractEntityPersister.java:3698)
	at org.hibernate.persister.entity.AbstractEntityPersister.delete(AbstractEntityPersister.java:3987)
	at org.hibernate.action.internal.EntityDeleteAction.execute(EntityDeleteAction.java:123)
	at org.hibernate.engine.spi.ActionQueue.executeActions(ActionQueue.java:604)
	at org.hibernate.engine.spi.ActionQueue.lambda$executeActions$1(ActionQueue.java:478)
	at java.base/java.util.LinkedHashMap.forEach(LinkedHashMap.java:721)
	at org.hibernate.engine.spi.ActionQueue.executeActions(ActionQueue.java:475)
	at org.hibernate.event.internal.AbstractFlushingEventListener.performExecutions(AbstractFlushingEventListener.java:344)
	at org.hibernate.event.internal.DefaultFlushEventListener.onFlush(DefaultFlushEventListener.java:40)
	at org.hibernate.event.service.internal.EventListenerGroupImpl.fireEventOnEachListener(EventListenerGroupImpl.java:107)
	at org.hibernate.internal.SessionImpl.doFlush(SessionImpl.java:1407)
	at org.hibernate.internal.SessionImpl.managedFlush(SessionImpl.java:489)
	at org.hibernate.internal.SessionImpl.flushBeforeTransactionCompletion(SessionImpl.java:3303)
	at org.hibernate.internal.SessionImpl.beforeTransactionCompletion(SessionImpl.java:2438)
	at org.hibernate.engine.jdbc.internal.JdbcCoordinatorImpl.beforeTransactionCompletion(JdbcCoordinatorImpl.java:449)
	at org.hibernate.resource.transaction.backend.jdbc.internal.JdbcResourceLocalTransactionCoordinatorImpl.beforeCompletionCallback(JdbcResourceLocalTransactionCoordinatorImpl.java:183)
	at org.hibernate.resource.transaction.backend.jdbc.internal.JdbcResourceLocalTransactionCoordinatorImpl.access$300(JdbcResourceLocalTransactionCoordinatorImpl.java:40)
	at org.hibernate.resource.transaction.backend.jdbc.internal.JdbcResourceLocalTransactionCoordinatorImpl$TransactionDriverControlImpl.commit(JdbcResourceLocalTransactionCoordinatorImpl.java:281)
	at org.hibernate.engine.transaction.internal.TransactionImpl.commit(TransactionImpl.java:101)
	... 74 more
Caused by: java.sql.SQLIntegrityConstraintViolationException: Cannot delete or update a parent row: a foreign key constraint fails (`ecommerce`.`product`, CONSTRAINT `category_fk` FOREIGN KEY (`category_id`) REFERENCES `category` (`category_id`))
	at com.mysql.cj.jdbc.exceptions.SQLError.createSQLException(SQLError.java:117)
	at com.mysql.cj.jdbc.exceptions.SQLExceptionsMapping.translateException(SQLExceptionsMapping.java:122)
	at com.mysql.cj.jdbc.ClientPreparedStatement.executeInternal(ClientPreparedStatement.java:916)
	at com.mysql.cj.jdbc.ClientPreparedStatement.executeUpdateInternal(ClientPreparedStatement.java:1061)
	at com.mysql.cj.jdbc.ClientPreparedStatement.executeUpdateInternal(ClientPreparedStatement.java:1009)
	at com.mysql.cj.jdbc.ClientPreparedStatement.executeLargeUpdate(ClientPreparedStatement.java:1320)
	at com.mysql.cj.jdbc.ClientPreparedStatement.executeUpdate(ClientPreparedStatement.java:994)
	at com.mchange.v2.c3p0.impl.NewProxyPreparedStatement.executeUpdate(NewProxyPreparedStatement.java:1502)
	at org.hibernate.engine.jdbc.internal.ResultSetReturnImpl.executeUpdate(ResultSetReturnImpl.java:197)
	... 94 more
]]></error>
    <system-out><![CDATA[&amp#27;[35m[Hibernate]&amp#27;[0m 
    &amp#27;[34mselect&amp#27;[0m
        category0_.category_id &amp#27;[34mas&amp#27;[0m category1_0_0_,
        category0_.name &amp#27;[34mas&amp#27;[0m name2_0_0_ 
    &amp#27;[34mfrom&amp#27;[0m
        category category0_ 
    &amp#27;[34mwhere&amp#27;[0m
        category0_.category_id=?
&amp#27;[35m[Hibernate]&amp#27;[0m 
    /* &amp#27;[34mdelete&amp#27;[0m com.ecommerce.model.entity.Category */ &amp#27;[34mdelete&amp#27;[0m 
        &amp#27;[34mfrom&amp#27;[0m
            category 
        &amp#27;[34mwhere&amp#27;[0m
            category_id=?
]]></system-out>
    <system-err><![CDATA[Dec 19, 2023 2:26:44 AM org.hibernate.engine.jdbc.spi.SqlExceptionHelper logExceptions
WARN: SQL Error: 1451, SQLState: 23000
Dec 19, 2023 2:26:44 AM org.hibernate.engine.jdbc.spi.SqlExceptionHelper logExceptions
ERROR: Cannot delete or update a parent row: a foreign key constraint fails (`ecommerce`.`product`, CONSTRAINT `category_fk` FOREIGN KEY (`category_id`) REFERENCES `category` (`category_id`))
Dec 19, 2023 2:26:44 AM org.hibernate.engine.jdbc.batch.internal.AbstractBatchImpl release
INFO: HHH000010: On release of batch it still contained JDBC statements
]]></system-err>
  </testcase>
</testsuite>